app/build/intermediates/manifest_merge_blame_file/debug/manifest-merger-blame-debug-report.txt
1<?xml version="1.0" encoding="utf-8"?>
2<manifest xmlns:android="http://schemas.android.com/apk/res/android"
3    package="com.kutumb.migration"
4    android:versionCode="2"
5    android:versionName="1.0.0" >
6
7    <uses-sdk
8        android:minSdkVersion="21"
8-->src\main\AndroidManifest.xml
9        android:targetSdkVersion="29" />
9-->src\main\AndroidManifest.xml
10
11    <uses-permission android:name="android.permission.INTERNET" />
11-->src\main\AndroidManifest.xml:6:5-67
11-->src\main\AndroidManifest.xml:6:22-64
12    <uses-permission android:name="android.permission.ACCESS_NETWORK_STATE" />
12-->src\main\AndroidManifest.xml:7:5-79
12-->src\main\AndroidManifest.xml:7:22-76
13    <uses-permission android:name="android.permission.ACCESS_WIFI_STATE" />
13-->src\main\AndroidManifest.xml:8:5-76
13-->src\main\AndroidManifest.xml:8:22-73
14    <uses-permission android:name="android.permission.WAKE_LOCK" /> <!-- Required by older versions of Google Play services to create IID tokens -->
14-->[com.google.android.gms:play-services-measurement-api:17.3.0] AndroidManifest.xml:24:5-68
14-->[com.google.android.gms:play-services-measurement-api:17.3.0] AndroidManifest.xml:24:22-65
15    <uses-permission android:name="com.google.android.c2dm.permission.RECEIVE" />
15-->[com.google.firebase:firebase-iid:20.0.2] AndroidManifest.xml:26:5-82
15-->[com.google.firebase:firebase-iid:20.0.2] AndroidManifest.xml:26:22-79
16    <uses-permission android:name="com.google.android.finsky.permission.BIND_GET_INSTALL_REFERRER_SERVICE" />
16-->[com.google.android.gms:play-services-measurement:17.3.0] AndroidManifest.xml:26:5-110
16-->[com.google.android.gms:play-services-measurement:17.3.0] AndroidManifest.xml:26:22-107
17
18    <application
18-->src\main\AndroidManifest.xml:10:5-94:19
19        android:allowBackup="true"
19-->src\main\AndroidManifest.xml:11:9-35
20        android:appComponentFactory="androidx.core.app.CoreComponentFactory"
20-->[androidx.core:core:1.1.0] AndroidManifest.xml:24:18-86
21        android:debuggable="true"
22        android:icon="@mipmap/ic_launcher"
22-->src\main\AndroidManifest.xml:12:9-43
23        android:label="@string/app_name"
23-->src\main\AndroidManifest.xml:13:9-41
24        android:roundIcon="@mipmap/ic_launcher_round"
24-->src\main\AndroidManifest.xml:14:9-54
25        android:supportsRtl="true"
25-->src\main\AndroidManifest.xml:15:9-35
26        android:theme="@style/AppTheme" >
26-->src\main\AndroidManifest.xml:16:9-40
27        <activity android:name="com.example.migration.Register.VerifyMobile" />
27-->src\main\AndroidManifest.xml:18:9-68
27-->src\main\AndroidManifest.xml:18:19-56
28        <activity
28-->src\main\AndroidManifest.xml:19:9-21:67
29            android:name="com.example.migration.ui.login.VerifyPhone"
29-->src\main\AndroidManifest.xml:20:13-49
30            android:label="@string/title_activity_verify_phone" />
30-->src\main\AndroidManifest.xml:21:13-64
31        <activity android:name="com.example.migration.Register.MobileAuth" />
31-->src\main\AndroidManifest.xml:22:9-57
31-->src\main\AndroidManifest.xml:22:19-54
32        <activity android:name="com.example.migration.privacywebactivity" />
32-->src\main\AndroidManifest.xml:23:9-56
32-->src\main\AndroidManifest.xml:23:19-53
33        <activity android:name="com.example.migration.termswebactivity" />
33-->src\main\AndroidManifest.xml:24:9-54
33-->src\main\AndroidManifest.xml:24:19-51
34        <activity
34-->src\main\AndroidManifest.xml:25:9-33:20
35            android:name="com.example.migration.Launcher"
35-->src\main\AndroidManifest.xml:26:13-37
36            android:screenOrientation="portrait" >
36-->src\main\AndroidManifest.xml:27:13-49
37            <intent-filter>
37-->src\main\AndroidManifest.xml:28:13-32:29
38                <action android:name="android.intent.action.MAIN" />
38-->src\main\AndroidManifest.xml:29:17-69
38-->src\main\AndroidManifest.xml:29:25-66
39
40                <category android:name="android.intent.category.LAUNCHER" />
40-->src\main\AndroidManifest.xml:31:17-77
40-->src\main\AndroidManifest.xml:31:27-74
41            </intent-filter>
42        </activity>
43        <activity
43-->src\main\AndroidManifest.xml:34:9-36:52
44            android:name="com.example.migration.SliderActivity"
44-->src\main\AndroidManifest.xml:35:13-43
45            android:screenOrientation="portrait" />
45-->src\main\AndroidManifest.xml:36:13-49
46        <activity
46-->src\main\AndroidManifest.xml:37:9-39:52
47            android:name="com.example.migration.MainActivity"
47-->src\main\AndroidManifest.xml:38:13-41
48            android:screenOrientation="portrait" />
48-->src\main\AndroidManifest.xml:39:13-49
49        <activity
49-->src\main\AndroidManifest.xml:40:9-42:52
50            android:name="com.example.migration.data.data_main"
50-->src\main\AndroidManifest.xml:41:13-43
51            android:screenOrientation="portrait" />
51-->src\main\AndroidManifest.xml:42:13-49
52        <activity
52-->src\main\AndroidManifest.xml:43:9-45:52
53            android:name="com.example.migration.Stats.stats_main"
53-->src\main\AndroidManifest.xml:44:13-45
54            android:screenOrientation="portrait" />
54-->src\main\AndroidManifest.xml:45:13-49
55        <activity
55-->src\main\AndroidManifest.xml:46:9-48:52
56            android:name="com.example.migration.Contact"
56-->src\main\AndroidManifest.xml:47:13-36
57            android:screenOrientation="portrait" />
57-->src\main\AndroidManifest.xml:48:13-49
58        <activity
58-->src\main\AndroidManifest.xml:49:9-51:52
59            android:name="com.example.migration.Register.select_login_type"
59-->src\main\AndroidManifest.xml:50:13-55
60            android:screenOrientation="portrait" />
60-->src\main\AndroidManifest.xml:51:13-49
61        <activity
61-->src\main\AndroidManifest.xml:52:9-57:59
62            android:name="com.example.migration.Questions.questions"
62-->src\main\AndroidManifest.xml:53:13-48
63            android:label="@string/title_activity_questions"
63-->src\main\AndroidManifest.xml:54:13-61
64            android:parentActivityName="com.example.migration.Register.select_login_type"
64-->src\main\AndroidManifest.xml:55:13-69
65            android:screenOrientation="portrait"
65-->src\main\AndroidManifest.xml:56:13-49
66            android:theme="@style/AppTheme.NoActionBar" />
66-->src\main\AndroidManifest.xml:57:13-56
67        <activity
67-->src\main\AndroidManifest.xml:58:9-61:52
68            android:name="com.example.migration.Register.LoginOrRegister"
68-->src\main\AndroidManifest.xml:59:13-53
69            android:parentActivityName="com.example.migration.Register.select_login_type"
69-->src\main\AndroidManifest.xml:60:13-69
70            android:screenOrientation="portrait" />
70-->src\main\AndroidManifest.xml:61:13-49
71        <activity
71-->src\main\AndroidManifest.xml:62:9-65:52
72            android:name="com.example.migration.Register.RegisterUser"
72-->src\main\AndroidManifest.xml:63:13-50
73            android:parentActivityName="com.example.migration.Register.LoginOrRegister"
73-->src\main\AndroidManifest.xml:64:13-67
74            android:screenOrientation="portrait" />
74-->src\main\AndroidManifest.xml:65:13-49
75        <activity
75-->src\main\AndroidManifest.xml:66:9-68:52
76            android:name="com.example.migration.Register.ForgotPass"
76-->src\main\AndroidManifest.xml:67:13-48
77            android:screenOrientation="portrait" />
77-->src\main\AndroidManifest.xml:68:13-49
78
79        <meta-data
79-->src\main\AndroidManifest.xml:70:9-72:51
80            android:name="com.google.android.actions"
80-->src\main\AndroidManifest.xml:71:13-54
81            android:resource="@drawable/button" />
81-->src\main\AndroidManifest.xml:72:13-48
82        <meta-data
82-->src\main\AndroidManifest.xml:73:9-75:57
83            android:name="preloaded_fonts"
83-->src\main\AndroidManifest.xml:74:13-43
84            android:resource="@array/preloaded_fonts" />
84-->src\main\AndroidManifest.xml:75:13-54
85        <meta-data
85-->src\main\AndroidManifest.xml:76:9-77:54
86            android:name="com.facebook.sdk.ApplicationId"
86-->src\main\AndroidManifest.xml:76:20-65
87            android:value="@string/facebook_app_id" />
87-->src\main\AndroidManifest.xml:77:13-52
88
89        <activity
89-->src\main\AndroidManifest.xml:79:9-82:48
90            android:name="com.facebook.FacebookActivity"
90-->src\main\AndroidManifest.xml:79:19-63
91            android:configChanges="keyboard|keyboardHidden|screenLayout|screenSize|orientation"
91-->src\main\AndroidManifest.xml:80:13-114
92            android:label="@string/app_name"
92-->src\main\AndroidManifest.xml:82:13-45
93            android:theme="@style/com_facebook_activity_theme" />
93-->[com.facebook.android:facebook-common:5.15.3] AndroidManifest.xml:33:13-63
94        <activity
94-->src\main\AndroidManifest.xml:83:9-92:20
95            android:name="com.facebook.CustomTabActivity"
95-->src\main\AndroidManifest.xml:84:13-58
96            android:exported="true" >
96-->src\main\AndroidManifest.xml:85:13-36
97            <intent-filter>
97-->src\main\AndroidManifest.xml:86:13-91:29
98                <action android:name="android.intent.action.VIEW" />
98-->src\main\AndroidManifest.xml:87:17-69
98-->src\main\AndroidManifest.xml:87:25-66
99
100                <category android:name="android.intent.category.DEFAULT" />
100-->src\main\AndroidManifest.xml:88:17-76
100-->src\main\AndroidManifest.xml:88:27-73
101                <category android:name="android.intent.category.BROWSABLE" />
101-->src\main\AndroidManifest.xml:89:17-78
101-->src\main\AndroidManifest.xml:89:27-75
102
103                <data android:scheme="@string/fb_login_protocol_scheme" />
103-->src\main\AndroidManifest.xml:90:17-75
103-->src\main\AndroidManifest.xml:90:23-72
104            </intent-filter>
105            <intent-filter>
105-->[com.facebook.android:facebook-common:5.15.3] AndroidManifest.xml:39:13-48:29
106                <action android:name="android.intent.action.VIEW" />
106-->src\main\AndroidManifest.xml:87:17-69
106-->src\main\AndroidManifest.xml:87:25-66
107
108                <category android:name="android.intent.category.DEFAULT" />
108-->src\main\AndroidManifest.xml:88:17-76
108-->src\main\AndroidManifest.xml:88:27-73
109                <category android:name="android.intent.category.BROWSABLE" />
109-->src\main\AndroidManifest.xml:89:17-78
109-->src\main\AndroidManifest.xml:89:27-75
110
111                <data
111-->src\main\AndroidManifest.xml:90:17-75
112                    android:host="cct.com.kutumb.migration"
113                    android:scheme="fbconnect" />
113-->src\main\AndroidManifest.xml:90:23-72
114            </intent-filter>
115        </activity>
116        <activity android:name="com.facebook.CustomTabMainActivity" />
116-->[com.facebook.android:facebook-common:5.15.3] AndroidManifest.xml:34:9-71
116-->[com.facebook.android:facebook-common:5.15.3] AndroidManifest.xml:34:19-68
117        <activity
117-->[com.google.android.gms:play-services-auth:18.0.0] AndroidManifest.xml:23:9-27:75
118            android:name="com.google.android.gms.auth.api.signin.internal.SignInHubActivity"
118-->[com.google.android.gms:play-services-auth:18.0.0] AndroidManifest.xml:24:13-93
119            android:excludeFromRecents="true"
119-->[com.google.android.gms:play-services-auth:18.0.0] AndroidManifest.xml:25:13-46
120            android:exported="false"
120-->[com.google.android.gms:play-services-auth:18.0.0] AndroidManifest.xml:26:13-37
121            android:theme="@android:style/Theme.Translucent.NoTitleBar" />
121-->[com.google.android.gms:play-services-auth:18.0.0] AndroidManifest.xml:27:13-72
122        <!--
123            Service handling Google Sign-In user revocation. For apps that do not integrate with
124            Google Sign-In, this service will never be started.
125        -->
126        <service
126-->[com.google.android.gms:play-services-auth:18.0.0] AndroidManifest.xml:33:9-36:110
127            android:name="com.google.android.gms.auth.api.signin.RevocationBoundService"
127-->[com.google.android.gms:play-services-auth:18.0.0] AndroidManifest.xml:34:13-89
128            android:exported="true"
128-->[com.google.android.gms:play-services-auth:18.0.0] AndroidManifest.xml:35:13-36
129            android:permission="com.google.android.gms.auth.api.signin.permission.REVOCATION_NOTIFICATION" />
129-->[com.google.android.gms:play-services-auth:18.0.0] AndroidManifest.xml:36:13-107
130        <service
130-->[com.google.firebase:firebase-firestore:21.4.2] AndroidManifest.xml:17:9-23:19
131            android:name="com.google.firebase.components.ComponentDiscoveryService"
131-->[com.google.firebase:firebase-firestore:21.4.2] AndroidManifest.xml:18:13-84
132            android:directBootAware="true"
132-->[com.google.firebase:firebase-common:19.3.0] AndroidManifest.xml:34:13-43
133            android:exported="false" >
133-->[com.google.firebase:firebase-firestore:21.4.2] AndroidManifest.xml:19:13-37
134            <meta-data
134-->[com.google.firebase:firebase-firestore:21.4.2] AndroidManifest.xml:20:13-22:85
135                android:name="com.google.firebase.components:com.google.firebase.firestore.FirestoreRegistrar"
135-->[com.google.firebase:firebase-firestore:21.4.2] AndroidManifest.xml:21:17-111
136                android:value="com.google.firebase.components.ComponentRegistrar" />
136-->[com.google.firebase:firebase-firestore:21.4.2] AndroidManifest.xml:22:17-82
137            <meta-data
137-->[com.google.firebase:firebase-auth:19.3.0] AndroidManifest.xml:36:13-38:85
138                android:name="com.google.firebase.components:com.google.firebase.auth.FirebaseAuthRegistrar"
138-->[com.google.firebase:firebase-auth:19.3.0] AndroidManifest.xml:37:17-109
139                android:value="com.google.firebase.components.ComponentRegistrar" />
139-->[com.google.firebase:firebase-auth:19.3.0] AndroidManifest.xml:38:17-82
140            <meta-data
140-->[com.google.android.gms:play-services-measurement-api:17.3.0] AndroidManifest.xml:30:13-32:85
141                android:name="com.google.firebase.components:com.google.firebase.analytics.connector.internal.AnalyticsConnectorRegistrar"
141-->[com.google.android.gms:play-services-measurement-api:17.3.0] AndroidManifest.xml:31:17-139
142                android:value="com.google.firebase.components.ComponentRegistrar" />
142-->[com.google.android.gms:play-services-measurement-api:17.3.0] AndroidManifest.xml:32:17-82
143            <meta-data
143-->[com.google.firebase:firebase-iid:20.0.2] AndroidManifest.xml:32:13-34:85
144                android:name="com.google.firebase.components:com.google.firebase.iid.Registrar"
144-->[com.google.firebase:firebase-iid:20.0.2] AndroidManifest.xml:33:17-96
145                android:value="com.google.firebase.components.ComponentRegistrar" />
145-->[com.google.firebase:firebase-iid:20.0.2] AndroidManifest.xml:34:17-82
146        </service>
147
148        <activity
148-->[com.google.firebase:firebase-auth:19.3.0] AndroidManifest.xml:24:9-31:50
149            android:name="com.google.firebase.auth.internal.FederatedSignInActivity"
149-->[com.google.firebase:firebase-auth:19.3.0] AndroidManifest.xml:25:13-85
150            android:excludeFromRecents="true"
150-->[com.google.firebase:firebase-auth:19.3.0] AndroidManifest.xml:26:13-46
151            android:exported="true"
151-->[com.google.firebase:firebase-auth:19.3.0] AndroidManifest.xml:27:13-36
152            android:launchMode="singleTask"
152-->[com.google.firebase:firebase-auth:19.3.0] AndroidManifest.xml:28:13-44
153            android:permission="com.google.firebase.auth.api.gms.permission.LAUNCH_FEDERATED_SIGN_IN"
153-->[com.google.firebase:firebase-auth:19.3.0] AndroidManifest.xml:29:13-102
154            android:theme="@android:style/Theme.Translucent.NoTitleBar" />
154-->[com.google.firebase:firebase-auth:19.3.0] AndroidManifest.xml:30:13-72
155
156        <receiver
156-->[com.google.firebase:firebase-iid:20.0.2] AndroidManifest.xml:37:9-44:20
157            android:name="com.google.firebase.iid.FirebaseInstanceIdReceiver"
157-->[com.google.firebase:firebase-iid:20.0.2] AndroidManifest.xml:38:13-78
158            android:exported="true"
158-->[com.google.firebase:firebase-iid:20.0.2] AndroidManifest.xml:39:13-36
159            android:permission="com.google.android.c2dm.permission.SEND" >
159-->[com.google.firebase:firebase-iid:20.0.2] AndroidManifest.xml:40:13-73
160            <intent-filter>
160-->[com.google.firebase:firebase-iid:20.0.2] AndroidManifest.xml:41:13-43:29
161                <action android:name="com.google.android.c2dm.intent.RECEIVE" />
161-->[com.google.firebase:firebase-iid:20.0.2] AndroidManifest.xml:42:17-81
161-->[com.google.firebase:firebase-iid:20.0.2] AndroidManifest.xml:42:25-78
162            </intent-filter>
163        </receiver>
164
165        <activity
165-->[com.google.android.gms:play-services-base:17.1.0] AndroidManifest.xml:23:9-26:75
166            android:name="com.google.android.gms.common.api.GoogleApiActivity"
166-->[com.google.android.gms:play-services-base:17.1.0] AndroidManifest.xml:24:13-79
167            android:exported="false"
167-->[com.google.android.gms:play-services-base:17.1.0] AndroidManifest.xml:25:13-37
168            android:theme="@android:style/Theme.Translucent.NoTitleBar" />
168-->[com.google.android.gms:play-services-base:17.1.0] AndroidManifest.xml:26:13-72
169
170        <receiver
170-->[com.google.android.gms:play-services-measurement:17.3.0] AndroidManifest.xml:29:9-33:20
171            android:name="com.google.android.gms.measurement.AppMeasurementReceiver"
171-->[com.google.android.gms:play-services-measurement:17.3.0] AndroidManifest.xml:30:13-85
172            android:enabled="true"
172-->[com.google.android.gms:play-services-measurement:17.3.0] AndroidManifest.xml:31:13-35
173            android:exported="false" >
173-->[com.google.android.gms:play-services-measurement:17.3.0] AndroidManifest.xml:32:13-37
174        </receiver>
175        <receiver
175-->[com.google.android.gms:play-services-measurement:17.3.0] AndroidManifest.xml:34:9-42:20
176            android:name="com.google.android.gms.measurement.AppMeasurementInstallReferrerReceiver"
176-->[com.google.android.gms:play-services-measurement:17.3.0] AndroidManifest.xml:35:13-100
177            android:enabled="true"
177-->[com.google.android.gms:play-services-measurement:17.3.0] AndroidManifest.xml:36:13-35
178            android:exported="true"
178-->[com.google.android.gms:play-services-measurement:17.3.0] AndroidManifest.xml:37:13-36
179            android:permission="android.permission.INSTALL_PACKAGES" >
179-->[com.google.android.gms:play-services-measurement:17.3.0] AndroidManifest.xml:38:13-69
180            <intent-filter>
180-->[com.google.android.gms:play-services-measurement:17.3.0] AndroidManifest.xml:39:13-41:29
181                <action android:name="com.android.vending.INSTALL_REFERRER" />
181-->[com.google.android.gms:play-services-measurement:17.3.0] AndroidManifest.xml:40:17-79
181-->[com.google.android.gms:play-services-measurement:17.3.0] AndroidManifest.xml:40:25-76
182            </intent-filter>
183        </receiver>
184
185        <service
185-->[com.google.android.gms:play-services-measurement:17.3.0] AndroidManifest.xml:44:9-47:40
186            android:name="com.google.android.gms.measurement.AppMeasurementService"
186-->[com.google.android.gms:play-services-measurement:17.3.0] AndroidManifest.xml:45:13-84
187            android:enabled="true"
187-->[com.google.android.gms:play-services-measurement:17.3.0] AndroidManifest.xml:46:13-35
188            android:exported="false" />
188-->[com.google.android.gms:play-services-measurement:17.3.0] AndroidManifest.xml:47:13-37
189        <service
189-->[com.google.android.gms:play-services-measurement:17.3.0] AndroidManifest.xml:48:9-52:72
190            android:name="com.google.android.gms.measurement.AppMeasurementJobService"
190-->[com.google.android.gms:play-services-measurement:17.3.0] AndroidManifest.xml:49:13-87
191            android:enabled="true"
191-->[com.google.android.gms:play-services-measurement:17.3.0] AndroidManifest.xml:50:13-35
192            android:exported="false"
192-->[com.google.android.gms:play-services-measurement:17.3.0] AndroidManifest.xml:51:13-37
193            android:permission="android.permission.BIND_JOB_SERVICE" />
193-->[com.google.android.gms:play-services-measurement:17.3.0] AndroidManifest.xml:52:13-69
194
195        <provider
195-->[com.google.firebase:firebase-common:19.3.0] AndroidManifest.xml:26:9-30:39
196            android:name="com.google.firebase.provider.FirebaseInitProvider"
196-->[com.google.firebase:firebase-common:19.3.0] AndroidManifest.xml:27:13-77
197            android:authorities="com.kutumb.migration.firebaseinitprovider"
197-->[com.google.firebase:firebase-common:19.3.0] AndroidManifest.xml:28:13-72
198            android:exported="false"
198-->[com.google.firebase:firebase-common:19.3.0] AndroidManifest.xml:29:13-37
199            android:initOrder="100" />
199-->[com.google.firebase:firebase-common:19.3.0] AndroidManifest.xml:30:13-36
200
201        <meta-data
201-->[com.google.android.gms:play-services-basement:17.1.1] AndroidManifest.xml:23:9-25:69
202            android:name="com.google.android.gms.version"
202-->[com.google.android.gms:play-services-basement:17.1.1] AndroidManifest.xml:24:13-58
203            android:value="@integer/google_play_services_version" />
203-->[com.google.android.gms:play-services-basement:17.1.1] AndroidManifest.xml:25:13-66
204        <!--
205         The initialization ContentProvider will call FacebookSdk.sdkInitialize automatically
206         with the application context. This config is merged in with the host app's manifest,
207         but there can only be one provider with the same authority activated at any given
208         point; so if the end user has two or more different apps that use Facebook SDK, only the
209         first one will be able to use the provider. To work around this problem, we use the
210         following placeholder in the authority to identify each host application as if it was
211         a completely different provider.
212        -->
213        <provider
213-->[com.facebook.android:facebook-core:5.15.3] AndroidManifest.xml:39:9-42:40
214            android:name="com.facebook.internal.FacebookInitProvider"
214-->[com.facebook.android:facebook-core:5.15.3] AndroidManifest.xml:40:13-70
215            android:authorities="com.kutumb.migration.FacebookInitProvider"
215-->[com.facebook.android:facebook-core:5.15.3] AndroidManifest.xml:41:13-72
216            android:exported="false" />
216-->[com.facebook.android:facebook-core:5.15.3] AndroidManifest.xml:42:13-37
217
218        <receiver
218-->[com.facebook.android:facebook-core:5.15.3] AndroidManifest.xml:44:9-50:20
219            android:name="com.facebook.CurrentAccessTokenExpirationBroadcastReceiver"
219-->[com.facebook.android:facebook-core:5.15.3] AndroidManifest.xml:45:13-86
220            android:exported="false" >
220-->[com.facebook.android:facebook-core:5.15.3] AndroidManifest.xml:46:13-37
221            <intent-filter>
221-->[com.facebook.android:facebook-core:5.15.3] AndroidManifest.xml:47:13-49:29
222                <action android:name="com.facebook.sdk.ACTION_CURRENT_ACCESS_TOKEN_CHANGED" />
222-->[com.facebook.android:facebook-core:5.15.3] AndroidManifest.xml:48:17-95
222-->[com.facebook.android:facebook-core:5.15.3] AndroidManifest.xml:48:25-92
223            </intent-filter>
224        </receiver>
225
226        <provider
226-->[androidx.lifecycle:lifecycle-process:2.0.0] AndroidManifest.xml:23:9-27:43
227            android:name="androidx.lifecycle.ProcessLifecycleOwnerInitializer"
227-->[androidx.lifecycle:lifecycle-process:2.0.0] AndroidManifest.xml:24:13-79
228            android:authorities="com.kutumb.migration.lifecycle-process"
228-->[androidx.lifecycle:lifecycle-process:2.0.0] AndroidManifest.xml:25:13-69
229            android:exported="false"
229-->[androidx.lifecycle:lifecycle-process:2.0.0] AndroidManifest.xml:26:13-37
230            android:multiprocess="true" />
230-->[androidx.lifecycle:lifecycle-process:2.0.0] AndroidManifest.xml:27:13-40
231    </application>
232
233</manifest>